<?xml version="1.0" encoding="UTF-8"?>
<!-- Generated by org.testng.reporters.JUnitReportReporter -->
<testsuite skipped="0" hostname="LAPTOP-BIDVEQPH" name="com.NewSElTest.TestPage.LoginTest" tests="3" failures="0" timestamp="07 Aug 2020 18:18:12 GMT" time="40.397" errors="0">
  <testcase name="validatePageTitle" time="7.410" classname="com.NewSElTest.TestPage.LoginTest"/>
  <testcase name="validateAccont" time="13.323" classname="com.NewSElTest.TestPage.LoginTest"/>
  <testcase name="validateAccont" time="19.664" classname="com.NewSElTest.TestPage.LoginTest"/>
</testsuite> <!-- com.NewSElTest.TestPage.LoginTest -->
