<?xml version="1.0" encoding="UTF-8"?>
<!-- Generated by org.testng.reporters.JUnitReportReporter -->
<testsuite skipped="0" hostname="LAPTOP-BIDVEQPH" name="com.NewSElTest.TestPage.LeaveTest" tests="3" failures="0" timestamp="14 Aug 2020 16:42:42 GMT" time="65.212" errors="0">
  <testcase name="VerifyToDate" time="23.679" classname="com.NewSElTest.TestPage.LeaveTest"/>
  <testcase name="verifyCheckStstus" time="24.399" classname="com.NewSElTest.TestPage.LeaveTest"/>
  <testcase name="validateConfigure" time="17.134" classname="com.NewSElTest.TestPage.LeaveTest"/>
</testsuite> <!-- com.NewSElTest.TestPage.LeaveTest -->
