<?xml version="1.0" encoding="UTF-8"?>
<!-- Generated by org.testng.reporters.JUnitReportReporter -->
<testsuite skipped="0" hostname="LAPTOP-BIDVEQPH" name="com.NewSElTest.TestPage.LoginTest" tests="3" failures="0" timestamp="14 Aug 2020 16:42:42 GMT" time="45.021" errors="0">
  <testcase name="validatePageTitle" time="7.960" classname="com.NewSElTest.TestPage.LoginTest"/>
  <testcase name="validateAccont" time="11.922" classname="com.NewSElTest.TestPage.LoginTest"/>
  <testcase name="validateAccont" time="25.139" classname="com.NewSElTest.TestPage.LoginTest"/>
</testsuite> <!-- com.NewSElTest.TestPage.LoginTest -->
