<?xml version="1.0" encoding="UTF-8"?>
<!-- Generated by org.testng.reporters.JUnitReportReporter -->
<testsuite skipped="0" hostname="LAPTOP-BIDVEQPH" name="com.NewSElTest.TestPage.PIMPageTest" tests="2" failures="0" timestamp="07 Aug 2020 18:18:12 GMT" time="57.467" errors="0">
  <testcase name="validateEmpname" time="27.975" classname="com.NewSElTest.TestPage.PIMPageTest"/>
  <testcase name="validatePerson" time="29.492" classname="com.NewSElTest.TestPage.PIMPageTest"/>
</testsuite> <!-- com.NewSElTest.TestPage.PIMPageTest -->
