<?xml version="1.0" encoding="UTF-8"?>
<!-- Generated by org.testng.reporters.JUnitReportReporter -->
<testsuite skipped="0" hostname="LAPTOP-BIDVEQPH" name="com.NewSElTest.TestPage.LeaveTest" tests="3" failures="0" timestamp="07 Aug 2020 18:18:12 GMT" time="63.707" errors="0">
  <testcase name="VerifyToDate" time="22.726" classname="com.NewSElTest.TestPage.LeaveTest"/>
  <testcase name="verifyCheckStstus" time="23.804" classname="com.NewSElTest.TestPage.LeaveTest"/>
  <testcase name="validateConfigure" time="17.177" classname="com.NewSElTest.TestPage.LeaveTest"/>
</testsuite> <!-- com.NewSElTest.TestPage.LeaveTest -->
