<?xml version="1.0" encoding="UTF-8"?>
<!-- Generated by org.testng.reporters.JUnitReportReporter -->
<testsuite skipped="0" hostname="LAPTOP-BIDVEQPH" name="com.NewSElTest.TestPage.HomeTest" tests="4" failures="0" timestamp="07 Aug 2020 18:18:12 GMT" time="126.670" errors="0">
  <testcase name="ValidateUser" time="38.246" classname="com.NewSElTest.TestPage.HomeTest"/>
  <testcase name="ValidateUser" time="39.393" classname="com.NewSElTest.TestPage.HomeTest"/>
  <testcase name="validateSearch" time="22.254" classname="com.NewSElTest.TestPage.HomeTest"/>
  <testcase name="validateSearch" time="26.777" classname="com.NewSElTest.TestPage.HomeTest"/>
</testsuite> <!-- com.NewSElTest.TestPage.HomeTest -->
