<?xml version="1.0" encoding="UTF-8"?>
<!-- Generated by org.testng.reporters.JUnitReportReporter -->
<testsuite skipped="0" hostname="LAPTOP-BIDVEQPH" name="com.NewSElTest.TestPage.HomeTest" tests="4" failures="0" timestamp="14 Aug 2020 16:42:42 GMT" time="124.603" errors="0">
  <testcase name="ValidateUser" time="38.168" classname="com.NewSElTest.TestPage.HomeTest"/>
  <testcase name="ValidateUser" time="43.156" classname="com.NewSElTest.TestPage.HomeTest"/>
  <testcase name="validateSearch" time="22.384" classname="com.NewSElTest.TestPage.HomeTest"/>
  <testcase name="validateSearch" time="20.895" classname="com.NewSElTest.TestPage.HomeTest"/>
</testsuite> <!-- com.NewSElTest.TestPage.HomeTest -->
