<?xml version="1.0" encoding="UTF-8"?>
<!-- Generated by org.testng.reporters.JUnitReportReporter -->
<testsuite skipped="0" hostname="LAPTOP-BIDVEQPH" name="com.NewSElTest.TestPage.PIMPageTest" tests="2" failures="0" timestamp="14 Aug 2020 16:42:42 GMT" time="55.193" errors="0">
  <testcase name="validateEmpname" time="26.732" classname="com.NewSElTest.TestPage.PIMPageTest"/>
  <testcase name="validatePerson" time="28.461" classname="com.NewSElTest.TestPage.PIMPageTest"/>
</testsuite> <!-- com.NewSElTest.TestPage.PIMPageTest -->
