<?xml version="1.0" encoding="UTF-8"?>
<!-- Generated by org.testng.reporters.JUnitReportReporter -->
<testsuite skipped="0" hostname="LAPTOP-BIDVEQPH" name="com.NewSElTest.TestPage.LeaveTest" tests="3" failures="0" timestamp="14 Aug 2020 18:29:09 GMT" time="64.961" errors="0">
  <testcase name="VerifyToDate" time="24.045" classname="com.NewSElTest.TestPage.LeaveTest"/>
  <testcase name="verifyCheckStstus" time="23.216" classname="com.NewSElTest.TestPage.LeaveTest"/>
  <testcase name="validateConfigure" time="17.700" classname="com.NewSElTest.TestPage.LeaveTest"/>
</testsuite> <!-- com.NewSElTest.TestPage.LeaveTest -->
