<?xml version="1.0" encoding="UTF-8"?>
<!-- Generated by org.testng.reporters.JUnitReportReporter -->
<testsuite skipped="0" hostname="LAPTOP-BIDVEQPH" name="com.NewSElTest.TestPage.LoginTest" tests="3" failures="0" timestamp="07 Aug 2020 19:45:45 GMT" time="38.316" errors="0">
  <testcase name="validateAccont" time="12.800" classname="com.NewSElTest.TestPage.LoginTest"/>
  <testcase name="validateAccont" time="13.444" classname="com.NewSElTest.TestPage.LoginTest"/>
  <testcase name="validatePageTitle" time="12.072" classname="com.NewSElTest.TestPage.LoginTest"/>
</testsuite> <!-- com.NewSElTest.TestPage.LoginTest -->
