<?xml version="1.0" encoding="UTF-8"?>
<!-- Generated by org.testng.reporters.JUnitReportReporter -->
<testsuite skipped="0" hostname="LAPTOP-BIDVEQPH" name="com.NewSElTest.TestPage.PIMPageTest" tests="2" failures="0" timestamp="07 Aug 2020 19:45:45 GMT" time="48.750" errors="0">
  <testcase name="validateEmpname" time="21.506" classname="com.NewSElTest.TestPage.PIMPageTest"/>
  <testcase name="validatePerson" time="27.244" classname="com.NewSElTest.TestPage.PIMPageTest"/>
</testsuite> <!-- com.NewSElTest.TestPage.PIMPageTest -->
