<?xml version="1.0" encoding="UTF-8"?>
<!-- Generated by org.testng.reporters.JUnitReportReporter -->
<testsuite skipped="0" hostname="LAPTOP-BIDVEQPH" name="com.NewSElTest.TestPage.LeaveTest" tests="3" failures="0" timestamp="10 Aug 2020 19:01:30 GMT" time="71.842" errors="0">
  <testcase name="VerifyToDate" time="25.432" classname="com.NewSElTest.TestPage.LeaveTest"/>
  <testcase name="verifyCheckStstus" time="25.800" classname="com.NewSElTest.TestPage.LeaveTest"/>
  <testcase name="validateConfigure" time="20.610" classname="com.NewSElTest.TestPage.LeaveTest"/>
</testsuite> <!-- com.NewSElTest.TestPage.LeaveTest -->
