<?xml version="1.0" encoding="UTF-8"?>
<!-- Generated by org.testng.reporters.JUnitReportReporter -->
<testsuite skipped="0" hostname="LAPTOP-BIDVEQPH" name="com.NewSElTest.TestPage.LoginTest" tests="3" failures="0" timestamp="10 Aug 2020 19:01:30 GMT" time="41.436" errors="0">
  <testcase name="validateAccont" time="21.340" classname="com.NewSElTest.TestPage.LoginTest"/>
  <testcase name="validatePageTitle" time="7.991" classname="com.NewSElTest.TestPage.LoginTest"/>
  <testcase name="validateAccont" time="12.105" classname="com.NewSElTest.TestPage.LoginTest"/>
</testsuite> <!-- com.NewSElTest.TestPage.LoginTest -->
