<?xml version="1.0" encoding="UTF-8"?>
<!-- Generated by org.testng.reporters.JUnitReportReporter -->
<testsuite skipped="0" hostname="LAPTOP-BIDVEQPH" name="com.NewSElTest.TestPage.PIMPageTest" tests="2" failures="0" timestamp="10 Aug 2020 19:05:48 GMT" time="50.178" errors="0">
  <testcase name="validateEmpname" time="21.640" classname="com.NewSElTest.TestPage.PIMPageTest"/>
  <testcase name="validatePerson" time="28.538" classname="com.NewSElTest.TestPage.PIMPageTest"/>
</testsuite> <!-- com.NewSElTest.TestPage.PIMPageTest -->
