<?xml version="1.0" encoding="UTF-8"?>
<!-- Generated by org.testng.reporters.JUnitReportReporter -->
<testsuite skipped="0" hostname="LAPTOP-BIDVEQPH" name="com.NewSElTest.TestPage.LoginTest" tests="3" failures="0" timestamp="14 Aug 2020 18:29:09 GMT" time="37.484" errors="0">
  <testcase name="validateAccont" time="18.364" classname="com.NewSElTest.TestPage.LoginTest"/>
  <testcase name="validatePageTitle" time="7.200" classname="com.NewSElTest.TestPage.LoginTest"/>
  <testcase name="validateAccont" time="11.920" classname="com.NewSElTest.TestPage.LoginTest"/>
</testsuite> <!-- com.NewSElTest.TestPage.LoginTest -->
