<?xml version="1.0" encoding="UTF-8"?>
<!-- Generated by org.testng.reporters.JUnitReportReporter -->
<testsuite skipped="0" hostname="LAPTOP-BIDVEQPH" name="com.NewSElTest.TestPage.LeaveTest" tests="3" failures="0" timestamp="07 Aug 2020 19:45:45 GMT" time="62.924" errors="0">
  <testcase name="VerifyToDate" time="22.883" classname="com.NewSElTest.TestPage.LeaveTest"/>
  <testcase name="verifyCheckStstus" time="24.280" classname="com.NewSElTest.TestPage.LeaveTest"/>
  <testcase name="validateConfigure" time="15.761" classname="com.NewSElTest.TestPage.LeaveTest"/>
</testsuite> <!-- com.NewSElTest.TestPage.LeaveTest -->
