<?xml version="1.0" encoding="UTF-8"?>
<!-- Generated by org.testng.reporters.JUnitReportReporter -->
<testsuite skipped="0" hostname="LAPTOP-BIDVEQPH" name="com.NewSElTest.TestPage.HomeTest" tests="4" failures="0" timestamp="10 Aug 2020 19:05:48 GMT" time="118.788" errors="0">
  <testcase name="ValidateUser" time="37.845" classname="com.NewSElTest.TestPage.HomeTest"/>
  <testcase name="ValidateUser" time="37.863" classname="com.NewSElTest.TestPage.HomeTest"/>
  <testcase name="validateSearch" time="21.623" classname="com.NewSElTest.TestPage.HomeTest"/>
  <testcase name="validateSearch" time="21.457" classname="com.NewSElTest.TestPage.HomeTest"/>
</testsuite> <!-- com.NewSElTest.TestPage.HomeTest -->
