<?xml version="1.0" encoding="UTF-8"?>
<!-- Generated by org.testng.reporters.JUnitReportReporter -->
<testsuite skipped="0" hostname="LAPTOP-BIDVEQPH" name="com.NewSElTest.TestPage.HomeTest" tests="4" failures="0" timestamp="07 Aug 2020 19:45:45 GMT" time="118.770" errors="0">
  <testcase name="ValidateUser" time="38.275" classname="com.NewSElTest.TestPage.HomeTest"/>
  <testcase name="ValidateUser" time="38.717" classname="com.NewSElTest.TestPage.HomeTest"/>
  <testcase name="validateSearch" time="21.191" classname="com.NewSElTest.TestPage.HomeTest"/>
  <testcase name="validateSearch" time="20.587" classname="com.NewSElTest.TestPage.HomeTest"/>
</testsuite> <!-- com.NewSElTest.TestPage.HomeTest -->
