<?xml version="1.0" encoding="UTF-8"?>
<!-- Generated by org.testng.reporters.JUnitReportReporter -->
<testsuite skipped="0" hostname="LAPTOP-BIDVEQPH" name="com.NewSElTest.TestPage.PIMPageTest" tests="2" failures="0" timestamp="10 Aug 2020 19:01:30 GMT" time="54.792" errors="0">
  <testcase name="validateEmpname" time="26.226" classname="com.NewSElTest.TestPage.PIMPageTest"/>
  <testcase name="validatePerson" time="28.566" classname="com.NewSElTest.TestPage.PIMPageTest"/>
</testsuite> <!-- com.NewSElTest.TestPage.PIMPageTest -->
