<?xml version="1.0" encoding="UTF-8"?>
<!-- Generated by org.testng.reporters.JUnitReportReporter -->
<testsuite skipped="0" hostname="LAPTOP-BIDVEQPH" name="com.NewSElTest.TestPage.LeaveTest" tests="3" failures="0" timestamp="10 Aug 2020 19:05:48 GMT" time="67.035" errors="0">
  <testcase name="VerifyToDate" time="26.771" classname="com.NewSElTest.TestPage.LeaveTest"/>
  <testcase name="verifyCheckStstus" time="22.677" classname="com.NewSElTest.TestPage.LeaveTest"/>
  <testcase name="validateConfigure" time="17.587" classname="com.NewSElTest.TestPage.LeaveTest"/>
</testsuite> <!-- com.NewSElTest.TestPage.LeaveTest -->
