<?xml version="1.0" encoding="UTF-8"?>
<!-- Generated by org.testng.reporters.JUnitReportReporter -->
<testsuite skipped="0" hostname="LAPTOP-BIDVEQPH" name="com.NewSElTest.TestPage.HomeTest" tests="4" failures="0" timestamp="14 Aug 2020 18:29:09 GMT" time="119.070" errors="0">
  <testcase name="ValidateUser" time="37.924" classname="com.NewSElTest.TestPage.HomeTest"/>
  <testcase name="ValidateUser" time="38.390" classname="com.NewSElTest.TestPage.HomeTest"/>
  <testcase name="validateSearch" time="21.848" classname="com.NewSElTest.TestPage.HomeTest"/>
  <testcase name="validateSearch" time="20.908" classname="com.NewSElTest.TestPage.HomeTest"/>
</testsuite> <!-- com.NewSElTest.TestPage.HomeTest -->
